#
# There is insufficient memory for the Java Runtime Environment to continue.
# Native memory allocation (mmap) failed to map 132120576 bytes for G1 virtual space
# Possible reasons:
#   The system is out of physical RAM or swap space
#   The process is running with CompressedOops enabled, and the Java Heap may be blocking the growth of the native heap
# Possible solutions:
#   Reduce memory load on the system
#   Increase physical memory or swap space
#   Check if swap backing store is full
#   Decrease Java heap size (-Xmx/-Xms)
#   Decrease number of Java threads
#   Decrease Java thread stack sizes (-Xss)
#   Set larger code cache with -XX:ReservedCodeCacheSize=
#   JVM is running with Unscaled Compressed Oops mode in which the Java heap is
#     placed in the first 4GB address space. The Java Heap base address is the
#     maximum limit for the native heap growth. Please use -XX:HeapBaseMinAddress
#     to set the Java Heap base and to place the Java Heap above 4GB virtual address.
# This output file may be truncated or incomplete.
#
#  Out of Memory Error (os_windows.cpp:3541), pid=29820, tid=32360
#
# JRE version:  (17.0.4.1+1) (build )
# Java VM: OpenJDK 64-Bit Server VM (17.0.4.1+1, mixed mode, sharing, tiered, compressed oops, compressed class ptrs, g1 gc, windows-amd64)
# No core dump will be written. Minidumps are not enabled by default on client versions of Windows
#

---------------  S U M M A R Y ------------

Command Line: -Dfile.encoding=UTF-8 -XX:+ShowCodeDetailsInExceptionMessages it.unipv.sfw.controller.ControllerManager

Host: 11th Gen Intel(R) Core(TM) i7-1165G7 @ 2.80GHz, 8 cores, 7G,  Windows 11 , 64 bit Build 22621 (10.0.22621.1344)
Time: Thu Apr  6 18:54:54 2023 ora legale Europa occidentale elapsed time: 0.018362 seconds (0d 0h 0m 0s)

---------------  T H R E A D  ---------------

Current thread (0x000002b449300b20):  JavaThread "Unknown thread" [_thread_in_vm, id=32360, stack(0x000000c73b100000,0x000000c73b200000)]

Stack: [0x000000c73b100000,0x000000c73b200000]
Native frames: (J=compiled Java code, j=interpreted, Vv=VM code, C=native code)
V  [jvm.dll+0x67731a]
V  [jvm.dll+0x832284]
V  [jvm.dll+0x833a2e]
V  [jvm.dll+0x834093]
V  [jvm.dll+0x245775]
V  [jvm.dll+0x674209]
V  [jvm.dll+0x668a92]
V  [jvm.dll+0x30471b]
V  [jvm.dll+0x30bc66]
V  [jvm.dll+0x35ba9e]
V  [jvm.dll+0x35bccf]
V  [jvm.dll+0x2db5b8]
V  [jvm.dll+0x2dc524]
V  [jvm.dll+0x803db1]
V  [jvm.dll+0x3698f1]
V  [jvm.dll+0x7e31bc]
V  [jvm.dll+0x3ec25f]
V  [jvm.dll+0x3edde1]
C  [jli.dll+0x5277]
C  [ucrtbase.dll+0x29363]
C  [KERNEL32.DLL+0x126bd]
C  [ntdll.dll+0x5a9f8]


---------------  P R O C E S S  ---------------

Threads class SMR info:
_java_thread_list=0x00007ffe575a4e98, length=0, elements={
}

Java Threads: ( => current thread )

Other Threads:
  0x000002b4606808d0 GCTaskThread "GC Thread#0" [stack: 0x000000c73b200000,0x000000c73b300000] [id=23992]
  0x000002b460691e50 ConcurrentGCThread "G1 Main Marker" [stack: 0x000000c73b300000,0x000000c73b400000] [id=4052]
  0x000002b460693320 ConcurrentGCThread "G1 Conc#0" [stack: 0x000000c73b400000,0x000000c73b500000] [id=32436]

[error occurred during error reporting (printing all threads), id 0xc0000005, EXCEPTION_ACCESS_VIOLATION (0xc0000005) at pc=0x00007ffe56d7c047]

VM state: not at safepoint (not fully initialized)

VM Mutex/Monitor currently owned by a thread:  ([mutex/lock_event])
[0x000002b4492fc970] Heap_lock - owner thread: 0x000002b449300b20

Heap address: 0x0000000083c00000, size: 1988 MB, Compressed Oops mode: 32-bit

CDS archive(s) mapped at: [0x0000000000000000-0x0000000000000000-0x0000000000000000), size 0, SharedBaseAddress: 0x0000000800000000, ArchiveRelocationMode: 0.
Narrow klass base: 0x0000000000000000, Narrow klass shift: 0, Narrow klass range: 0x0

GC Precious Log:
<Empty>

Heap:
 garbage-first heap   total 0K, used 0K [0x0000000083c00000, 0x0000000100000000)
  region size 1024K, 0 young (0K), 0 survivors (0K)

[error occurred during error reporting (printing heap information), id 0xc0000005, EXCEPTION_ACCESS_VIOLATION (0xc0000005) at pc=0x00007ffe57160699]

GC Heap History (0 events):
No events

Deoptimization events (0 events):
No events

Classes unloaded (0 events):
No events

Classes redefined (0 events):
No events

Internal exceptions (0 events):
No events

VM Operations (0 events):
No events

Events (1 events):
Event: 0.013 Loaded shared library C:\Users\Jacopo\Desktop\Univestità\Terzo anno\eclipse\plugins\org.eclipse.justj.openjdk.hotspot.jre.full.win32.x86_64_17.0.4.v20220903-1038\jre\bin\java.dll


Dynamic libraries:
0x00007ff657060000 - 0x00007ff65706e000 	C:\Users\Jacopo\Desktop\Univestità\Terzo anno\eclipse\plugins\org.eclipse.justj.openjdk.hotspot.jre.full.win32.x86_64_17.0.4.v20220903-1038\jre\bin\javaw.exe
0x00007ffed9670000 - 0x00007ffed9884000 	C:\WINDOWS\SYSTEM32\ntdll.dll
0x00007ffed8940000 - 0x00007ffed8a03000 	C:\WINDOWS\System32\KERNEL32.DLL
0x00007ffed6ea0000 - 0x00007ffed723c000 	C:\WINDOWS\System32\KERNELBASE.dll
0x00007ffed6ce0000 - 0x00007ffed6df1000 	C:\WINDOWS\System32\ucrtbase.dll
0x00007ffebac60000 - 0x00007ffebac78000 	C:\Users\Jacopo\Desktop\Univestità\Terzo anno\eclipse\plugins\org.eclipse.justj.openjdk.hotspot.jre.full.win32.x86_64_17.0.4.v20220903-1038\jre\bin\jli.dll
0x00007ffebb2e0000 - 0x00007ffebb2f9000 	C:\Users\Jacopo\Desktop\Univestità\Terzo anno\eclipse\plugins\org.eclipse.justj.openjdk.hotspot.jre.full.win32.x86_64_17.0.4.v20220903-1038\jre\bin\VCRUNTIME140.dll
0x00007ffed93a0000 - 0x00007ffed954d000 	C:\WINDOWS\System32\USER32.dll
0x00007ffed7450000 - 0x00007ffed7476000 	C:\WINDOWS\System32\win32u.dll
0x00007ffed9550000 - 0x00007ffed9579000 	C:\WINDOWS\System32\GDI32.dll
0x00007ffed7240000 - 0x00007ffed7353000 	C:\WINDOWS\System32\gdi32full.dll
0x00007ffed5d30000 - 0x00007ffed5fbe000 	C:\WINDOWS\WinSxS\amd64_microsoft.windows.common-controls_6595b64144ccf1df_6.0.22621.608_none_a9444ca7c10bb01d\COMCTL32.dll
0x00007ffed6e00000 - 0x00007ffed6e9a000 	C:\WINDOWS\System32\msvcp_win.dll
0x00007ffed7dd0000 - 0x00007ffed7e77000 	C:\WINDOWS\System32\msvcrt.dll
0x00007ffed8820000 - 0x00007ffed8851000 	C:\WINDOWS\System32\IMM32.DLL
0x00007ffec1b80000 - 0x00007ffec1ceb000 	C:\WINDOWS\system32\tmumh\20019\AddOn\8.55.0.1129\TmUmEvt64.dll
0x00007ffed8760000 - 0x00007ffed8768000 	C:\WINDOWS\System32\PSAPI.DLL
0x00007ffed8690000 - 0x00007ffed873e000 	C:\WINDOWS\System32\ADVAPI32.dll
0x00007ffed85d0000 - 0x00007ffed8674000 	C:\WINDOWS\System32\sechost.dll
0x00007ffed7cb0000 - 0x00007ffed7dc5000 	C:\WINDOWS\System32\RPCRT4.dll
0x0000000075210000 - 0x0000000075383000 	C:\WINDOWS\system32\tmumh\20019\TmMon\2.9.0.1043\tmmon64.dll
0x00007ffecc120000 - 0x00007ffecc12c000 	C:\Users\Jacopo\Desktop\Univestità\Terzo anno\eclipse\plugins\org.eclipse.justj.openjdk.hotspot.jre.full.win32.x86_64_17.0.4.v20220903-1038\jre\bin\vcruntime140_1.dll
0x00007ffea9960000 - 0x00007ffea99f1000 	C:\Users\Jacopo\Desktop\Univestità\Terzo anno\eclipse\plugins\org.eclipse.justj.openjdk.hotspot.jre.full.win32.x86_64_17.0.4.v20220903-1038\jre\bin\msvcp140.dll
0x00007ffe56a90000 - 0x00007ffe576d6000 	C:\Users\Jacopo\Desktop\Univestità\Terzo anno\eclipse\plugins\org.eclipse.justj.openjdk.hotspot.jre.full.win32.x86_64_17.0.4.v20220903-1038\jre\bin\server\jvm.dll
0x00007ffed2e00000 - 0x00007ffed2e09000 	C:\WINDOWS\SYSTEM32\WSOCK32.dll
0x00007ffed88c0000 - 0x00007ffed8931000 	C:\WINDOWS\System32\WS2_32.dll
0x00007ffecbf50000 - 0x00007ffecbf84000 	C:\WINDOWS\SYSTEM32\WINMM.dll
0x00007ffeca7e0000 - 0x00007ffeca7ea000 	C:\WINDOWS\SYSTEM32\VERSION.dll
0x00007ffed5330000 - 0x00007ffed5348000 	C:\WINDOWS\SYSTEM32\kernel.appcore.dll
0x00007ffed2df0000 - 0x00007ffed2dfa000 	C:\Users\Jacopo\Desktop\Univestità\Terzo anno\eclipse\plugins\org.eclipse.justj.openjdk.hotspot.jre.full.win32.x86_64_17.0.4.v20220903-1038\jre\bin\jimage.dll
0x00007ffed63e0000 - 0x00007ffed660e000 	C:\WINDOWS\SYSTEM32\DBGHELP.DLL
0x00007ffed7840000 - 0x00007ffed7bc9000 	C:\WINDOWS\System32\combase.dll
0x00007ffed7bd0000 - 0x00007ffed7ca7000 	C:\WINDOWS\System32\OLEAUT32.dll
0x00007ffed62a0000 - 0x00007ffed62d2000 	C:\WINDOWS\SYSTEM32\dbgcore.DLL
0x00007ffed7360000 - 0x00007ffed73db000 	C:\WINDOWS\System32\bcryptPrimitives.dll
0x00007ffec42e0000 - 0x00007ffec4305000 	C:\Users\Jacopo\Desktop\Univestità\Terzo anno\eclipse\plugins\org.eclipse.justj.openjdk.hotspot.jre.full.win32.x86_64_17.0.4.v20220903-1038\jre\bin\java.dll

dbghelp: loaded successfully - version: 4.0.5 - missing functions: none
symbol engine: initialized successfully - sym options: 0x614 - pdb path: .;C:\Users\Jacopo\Desktop\Univestità\Terzo anno\eclipse\plugins\org.eclipse.justj.openjdk.hotspot.jre.full.win32.x86_64_17.0.4.v20220903-1038\jre\bin;C:\WINDOWS\SYSTEM32;C:\WINDOWS\WinSxS\amd64_microsoft.windows.common-controls_6595b64144ccf1df_6.0.22621.608_none_a9444ca7c10bb01d;C:\WINDOWS\system32\tmumh\20019\AddOn\8.55.0.1129;C:\WINDOWS\system32\tmumh\20019\TmMon\2.9.0.1043;C:\Users\Jacopo\Desktop\Univestità\Terzo anno\eclipse\plugins\org.eclipse.justj.openjdk.hotspot.jre.full.win32.x86_64_17.0.4.v20220903-1038\jre\bin\server

VM Arguments:
jvm_args: -Dfile.encoding=UTF-8 -XX:+ShowCodeDetailsInExceptionMessages 
java_command: it.unipv.sfw.controller.ControllerManager
java_class_path (initial): C:\Users\Jacopo\Desktop\Univestità\Terzo anno\Programmazione a oggetti\Programmi\ProgettoStadio\bin;C:\Program Files (x86)\MySQL\Connector J 8.0\mysql-connector-j-8.0.32.jar
Launcher Type: SUN_STANDARD

[Global flags]
     intx CICompilerCount                          = 4                                         {product} {ergonomic}
     uint ConcGCThreads                            = 2                                         {product} {ergonomic}
     uint G1ConcRefinementThreads                  = 8                                         {product} {ergonomic}
   size_t G1HeapRegionSize                         = 1048576                                   {product} {ergonomic}
    uintx GCDrainStackTargetSize                   = 64                                        {product} {ergonomic}
   size_t InitialHeapSize                          = 132120576                                 {product} {ergonomic}
   size_t MarkStackSize                            = 4194304                                   {product} {ergonomic}
   size_t MaxHeapSize                              = 2084569088                                {product} {ergonomic}
   size_t MinHeapDeltaBytes                        = 1048576                                   {product} {ergonomic}
   size_t MinHeapSize                              = 8388608                                   {product} {ergonomic}
    uintx NonNMethodCodeHeapSize                   = 5839372                                {pd product} {ergonomic}
    uintx NonProfiledCodeHeapSize                  = 122909434                              {pd product} {ergonomic}
    uintx ProfiledCodeHeapSize                     = 122909434                              {pd product} {ergonomic}
    uintx ReservedCodeCacheSize                    = 251658240                              {pd product} {ergonomic}
     bool SegmentedCodeCache                       = true                                      {product} {ergonomic}
     bool ShowCodeDetailsInExceptionMessages       = true                                   {manageable} {command line}
   size_t SoftMaxHeapSize                          = 2084569088                             {manageable} {ergonomic}
     bool UseCompressedClassPointers               = true                           {product lp64_product} {ergonomic}
     bool UseCompressedOops                        = true                           {product lp64_product} {ergonomic}
     bool UseG1GC                                  = true                                      {product} {ergonomic}
     bool UseLargePagesIndividualAllocation        = false                                  {pd product} {ergonomic}

Logging:
Log output configuration:
 #0: stdout all=warning uptime,level,tags
 #1: stderr all=off uptime,level,tags

Environment Variables:
PATH=C:/Users/Jacopo/Desktop/Univestità/Terzo anno/eclipse//plugins/org.eclipse.justj.openjdk.hotspot.jre.full.win32.x86_64_17.0.4.v20220903-1038/jre/bin/server;C:/Users/Jacopo/Desktop/Univestità/Terzo anno/eclipse//plugins/org.eclipse.justj.openjdk.hotspot.jre.full.win32.x86_64_17.0.4.v20220903-1038/jre/bin;C:\Program Files (x86)\Common Files\Oracle\Java\javapath;C:\WINDOWS\system32;C:\WINDOWS;C:\WINDOWS\System32\Wbem;C:\WINDOWS\System32\WindowsPowerShell\v1.0\;C:\WINDOWS\System32\OpenSSH\;C:\Program Files\MATLAB\R2020a\bin;C:\Program Files\Git\cmd;C:\Users\Jacopo\AppData\Local\Microsoft\WindowsApps;C:\Users\Jacopo\Desktop\Univestità\Secondo Anno\Secondo Semestre\Reti Logiche\VHDL\ghdl\bin;C:\Users\Jacopo\Desktop\Univestità\Secondo Anno\Secondo Semestre\Reti Logiche\VHDL\gtkwave\bin;;C:\Users\Jacopo\Desktop\Univestità\Terzo anno\eclipse;
USERNAME=Jacopo
OS=Windows_NT
PROCESSOR_IDENTIFIER=Intel64 Family 6 Model 140 Stepping 1, GenuineIntel
TMP=C:\Users\Jacopo\AppData\Local\Temp
TEMP=C:\Users\Jacopo\AppData\Local\Temp



---------------  S Y S T E M  ---------------

OS:
 Windows 11 , 64 bit Build 22621 (10.0.22621.1344)
OS uptime: 1 days 9:33 hours

CPU: total 8 (initial active 8) (4 cores per cpu, 2 threads per core) family 6 model 140 stepping 1 microcode 0x86, cx8, cmov, fxsr, ht, mmx, 3dnowpref, sse, sse2, sse3, ssse3, sse4.1, sse4.2, popcnt, lzcnt, tsc, tscinvbit, avx, avx2, aes, erms, clmul, bmi1, bmi2, adx, avx512f, avx512dq, avx512cd, avx512bw, avx512vl, sha, fma, vzeroupper, avx512_vpopcntdq, avx512_vpclmulqdq, avx512_vaes, avx512_vnni, clflush, clflushopt, clwb, avx512_vbmi2, avx512_vbmi

Memory: 4k page, system-wide physical 7948M (509M free)
TotalPageFile size 32524M (AvailPageFile size 122M)
current process WorkingSet (physical memory assigned to process): 14M, peak: 14M
current process commit charge ("private bytes"): 63M, peak: 189M

vm_info: OpenJDK 64-Bit Server VM (17.0.4.1+1) for windows-amd64 JRE (17.0.4.1+1), built on Aug 17 2022 07:42:43 by "temurin" with MS VC++ 16.7 (VS2019)

END.
